2025-06-13 12:00:01,002 - bot - INFO - Користувач LeiCo (ID: 6675946394) зайшов до тренер меню
2025-06-13 12:00:06,993 - bot - INFO - Користувач LeiCo (ID: 6675946394) вводить id_trainer
2025-06-13 12:00:09,856 - bot - INFO - Користувач LeiCo (ID: 6675946394) вводить id_trainer
2025-06-13 12:00:12,061 - bot - INFO - Користувач LeiCo (ID: 6675946394) вводить id_trainer
2025-06-13 12:01:24,045 - bot - INFO - Користувач LeiCo (ID: 6675946394) почав взаємодію з ботом
2025-06-13 12:01:25,529 - bot - INFO - Користувач LeiCo (ID: 6675946394) зайшов до тренер меню
2025-06-13 12:01:30,980 - bot - INFO - Користувач LeiCo (ID: 6675946394) вводить id_trainer
2025-06-13 12:01:30,980 - bot - INFO - Користувач LeiCo (ID: 6675946394) ввів НЕ ПРАВИЛЬНИЙ id_trainer
2025-06-13 12:01:33,604 - bot - INFO - Користувач LeiCo (ID: 6675946394) вводить id_trainer
2025-06-13 12:01:33,604 - bot - INFO - Користувач LeiCo (ID: 6675946394) ввів НЕ ПРАВИЛЬНИЙ id_trainer
2025-06-13 12:17:22,410 - bot - INFO - Користувач LeiCo (ID: 6675946394) зайшов до тренер меню
2025-06-13 12:17:26,482 - bot - INFO - Користувач LeiCo (ID: 6675946394) вводить id_trainer
2025-06-13 12:17:26,483 - bot - WARNING - Користувач LeiCo (ID: 6675946394) ввів НЕ ПРАВИЛЬНИЙ id_trainer
2025-06-13 12:17:28,586 - bot - INFO - Користувач LeiCo (ID: 6675946394) вводить id_trainer
2025-06-13 12:17:28,587 - bot - WARNING - Користувач LeiCo (ID: 6675946394) ввів НЕ ПРАВИЛЬНИЙ id_trainer
2025-06-13 12:27:54,667 - bot - INFO - Користувач Степан (ID: 711361986) почав взаємодію з ботом
2025-06-13 12:27:56,155 - bot - INFO - Користувач Степан (ID: 711361986) зайшов до тренер меню
2025-06-13 12:28:00,870 - bot - INFO - Користувач Степан (ID: 711361986) вводить id_trainer
2025-06-13 12:28:00,871 - bot - WARNING - Користувач Степан (ID: 711361986) ввів НЕ ПРАВИЛЬНИЙ id_trainer
2025-06-13 12:28:16,601 - bot - INFO - Користувач LeiCo (ID: 6675946394) почав взаємодію з ботом
2025-06-13 12:28:18,393 - bot - INFO - Користувач LeiCo (ID: 6675946394) зайшов до тренер меню
2025-06-13 12:28:21,811 - bot - INFO - Користувач LeiCo (ID: 6675946394) вводить id_trainer
2025-06-13 12:28:21,811 - bot - WARNING - Користувач LeiCo (ID: 6675946394) ввів НЕ ПРАВИЛЬНИЙ id_trainer
2025-06-13 14:09:03,779 - bot - INFO - Користувач LeiCo (ID: 6675946394) зайшов до тренер меню
